<?xml version="1.0" encoding="UTF-8"?>
<!-- Generated by org.testng.reporters.JUnitReportReporter -->
<testsuite name="com.ocr.qa.tests.DashboardpageTest" tests="5" time="676.737" ignored="0" failures="0" timestamp="20 May 2020 07:37:01 GMT" skipped="0" hostname="Droid-7-PC" errors="0">
  <testcase name="CorrectColleaguesTabNameAppearsOnTheHeader_OfDashboardPage" time="75.893" classname="com.ocr.qa.tests.DashboardpageTest"/>
  <testcase name="UsernameAppearsOnTheHeader_OfDashboardPage" time="121.283" classname="com.ocr.qa.tests.DashboardpageTest"/>
  <testcase name="CorrectReferralsTabNameAppearsOnTheHeader_OfDashboardPage" time="142.005" classname="com.ocr.qa.tests.DashboardpageTest"/>
  <testcase name="CorrectPatientsTabNameAppearsOnTheHeader_OfDashboardPage" time="166.129" classname="com.ocr.qa.tests.DashboardpageTest"/>
  <testcase name="OCRImageLogoAppearsOnTheHeader_OfDashboardPage" time="171.427" classname="com.ocr.qa.tests.DashboardpageTest"/>
</testsuite> <!-- com.ocr.qa.tests.DashboardpageTest -->
