<?xml version="1.0" encoding="UTF-8"?>
<!-- Generated by org.testng.reporters.JUnitReportReporter -->
<testsuite name="com.ocr.qa.tests.PatienthistorypageTest" tests="24" time="6261.443" ignored="0" failures="0" timestamp="21 May 2020 09:56:00 GMT" skipped="0" hostname="Droid-7-PC" errors="0">
  <testcase name="AllAddedColleaguesNameAppeaOnEnteringCharIn_SearchColleagueFieldUnderCommunicationsSection" time="184.849" classname="com.ocr.qa.tests.PatienthistorypageTest"/>
  <testcase name="DentistIsAbleToExportAllPatientFilesOn_ClickingExportFileBtn" time="291.003" classname="com.ocr.qa.tests.PatienthistorypageTest"/>
  <testcase name="PrintMessageDetailsOnClicking_PrintLinkUnderCommunicationsSection" time="243.316" classname="com.ocr.qa.tests.PatienthistorypageTest"/>
  <testcase name="UserIsAbleToSendMessageAfterSelectingColleagueAndEntering_TextUnderCommunicationSection" time="301.402" classname="com.ocr.qa.tests.PatienthistorypageTest"/>
  <testcase name="DeleteAttachedFileOn_ClickingDeleteIcon" time="307.334" classname="com.ocr.qa.tests.PatienthistorypageTest"/>
  <testcase name="ValidationMsgAppearsOnLeavingMandatoryFieldsBlank_UnderPatientInformationSection" time="214.249" classname="com.ocr.qa.tests.PatienthistorypageTest"/>
  <testcase name="DownloadAttachedFileOn_ClickingDownloadIcon" time="261.718" classname="com.ocr.qa.tests.PatienthistorypageTest"/>
  <testcase name="SuccessMsgAppearsOnClickingSubmitBtn_AfterEnteringValidDetailsUnderPersonalInfoSection" time="276.733" classname="com.ocr.qa.tests.PatienthistorypageTest"/>
  <testcase name="AddPatientAfterEnteringMandatoryDetails_OnAddPatientPage" time="285.924" classname="com.ocr.qa.tests.PatienthistorypageTest"/>
  <testcase name="UpdatePatientDetailsUnder_PatientDetailsSectionOnPatientHistoryPage" time="261.140" classname="com.ocr.qa.tests.PatienthistorypageTest"/>
  <testcase name="PatientReferralFromDentistNamePopupOpensUp_OnClickingReferralTypeUnderCommunicationsSection" time="243.264" classname="com.ocr.qa.tests.PatienthistorypageTest"/>
  <testcase name="DentistIsAbleToUploadValidFilesOn_ClickingAttachFilesBtn" time="273.138" classname="com.ocr.qa.tests.PatienthistorypageTest"/>
  <testcase name="UserIsAbleToUploadPatient_ProfileImageUnderPatientHistoryPage" time="284.329" classname="com.ocr.qa.tests.PatienthistorypageTest"/>
  <testcase name="DentistMovesToThePatientFormsSection_OnClickingPatientFormsIcon" time="277.484" classname="com.ocr.qa.tests.PatienthistorypageTest"/>
  <testcase name="PatientReferralFromDentistNamePopupOpensUp_OnClickingMessageTypeUnderCommunicationsSection" time="253.534" classname="com.ocr.qa.tests.PatienthistorypageTest"/>
  <testcase name="SendReferralPageOpensUpOnClicking_ReferPatientIconOnPatientHistoryPage" time="240.414" classname="com.ocr.qa.tests.PatienthistorypageTest"/>
  <testcase name="AllAddedDetailsAppear_AutofillUnderPatientsFormsSection" time="280.051" classname="com.ocr.qa.tests.PatienthistorypageTest"/>
  <testcase name="UploadProfilePicturePopupOpensUp_OnClickingCameraIcon" time="152.592" classname="com.ocr.qa.tests.PatienthistorypageTest"/>
  <testcase name="SavedetailsInDentalInsuranceMedicalHistory_AndDentalHistorySectionsOnPatientHistoryPage" time="334.669" classname="com.ocr.qa.tests.PatienthistorypageTest"/>
  <testcase name="UserIsAbleToSelectMultipleColleaguesIn_SearchColleagueFieldUnderCommunicationsSection" time="203.209" classname="com.ocr.qa.tests.PatienthistorypageTest"/>
  <testcase name="PrintallButtonIsNotFunctional_WhenNoDetailsAvailableInCommunicationsSection" time="247.167" classname="com.ocr.qa.tests.PatienthistorypageTest"/>
  <testcase name="PrintAllCommunicationDetailsOnClicking_PrintAllButtonUnderCommunicationsSection" time="244.853" classname="com.ocr.qa.tests.PatienthistorypageTest"/>
  <testcase name="AllAddedDetailsOfPatientAppears_OnPatientHistoryPage" time="293.676" classname="com.ocr.qa.tests.PatienthistorypageTest"/>
  <testcase name="ValidationMsgAppearsOnUploading_InvalidFileUnderPatientFilesSection" time="305.395" classname="com.ocr.qa.tests.PatienthistorypageTest"/>
</testsuite> <!-- com.ocr.qa.tests.PatienthistorypageTest -->
