<?xml version="1.0" encoding="UTF-8"?>
<!-- Generated by org.testng.reporters.JUnitReportReporter -->
<testsuite name="com.ocr.qa.tests.SelectWhoAreYouPageTest" tests="6" time="122.367" ignored="0" failures="0" timestamp="21 May 2020 09:56:00 GMT" skipped="0" hostname="Droid-7-PC" errors="0">
  <testcase name="SelectWhoYouAre_PageOpensUpOnOpenningURL" time="18.278" classname="com.ocr.qa.tests.SelectWhoAreYouPageTest"/>
  <testcase name="PricingOneClickSignUpPage_OpensUpOnClickingSignUplink" time="25.376" classname="com.ocr.qa.tests.SelectWhoAreYouPageTest"/>
  <testcase name="DentistNameAppears_OnEnteringExistingDetailsInSearchField" time="23.142" classname="com.ocr.qa.tests.SelectWhoAreYouPageTest"/>
  <testcase name="CorrectInformationMessageAppears_OnEnteringNonExistingDetailsInSearchField" time="17.489" classname="com.ocr.qa.tests.SelectWhoAreYouPageTest"/>
  <testcase name="LoginPageOpensUp_OnClickingLoginlink" time="21.293" classname="com.ocr.qa.tests.SelectWhoAreYouPageTest"/>
  <testcase name="OneClickReferral_ImageLogoAppersOnSelectWhoYouArePage" time="16.789" classname="com.ocr.qa.tests.SelectWhoAreYouPageTest"/>
</testsuite> <!-- com.ocr.qa.tests.SelectWhoAreYouPageTest -->
