<?xml version="1.0" encoding="UTF-8"?>
<!-- Generated by org.testng.reporters.JUnitReportReporter -->
<testsuite name="com.ocr.qa.tests.ProfilepageTest" tests="51" time="10262.151" ignored="0" failures="0" timestamp="19 May 2020 09:24:31 GMT" skipped="0" hostname="Droid-7-PC" errors="0">
  <testcase name="DeleteUploadedProfileImageOnClicking_YesButtonUnderConfirmationMessage" time="202.563" classname="com.ocr.qa.tests.ProfilepageTest"/>
  <testcase name="AddAdditionalAddressPopupOpensUp_OnClickingAddButtonUnderLocationsSectionOnTheProfilepage" time="153.630" classname="com.ocr.qa.tests.ProfilepageTest"/>
  <testcase name="EditSocialInformationPopupOpensUpOnClicking_EditButtonUnderSocialMediaSectionOnProfilePage" time="155.441" classname="com.ocr.qa.tests.ProfilepageTest"/>
  <testcase name="ValidationMsgAppearsOnEnteringInvalidURLIn_TextFieldUnderInsertWebsitePopup" time="163.281" classname="com.ocr.qa.tests.ProfilepageTest"/>
  <testcase name="RemoveTheAddedEducationAndTrainingDetailOnClicking_RemoveButtonUnderEditEducationTrainingInformationPopup" time="221.935" classname="com.ocr.qa.tests.ProfilepageTest"/>
  <testcase name="CountOfCharactersRemainingForTheDescriptionTextfield_GetsUpdatedWhileEnteringTextInDescriptionTextfieldUnderDescriptionPopup" time="169.958" classname="com.ocr.qa.tests.ProfilepageTest"/>
  <testcase name="ConfirmationMsgAppearsOnClickingRemoveButton_UnderEditEducationTrainingInformationPopup" time="287.822" classname="com.ocr.qa.tests.ProfilepageTest"/>
  <testcase name="ValidationMsgAppearsOnLeavingDescription_TextFieldBlankUnderDescriptionPopup" time="153.033" classname="com.ocr.qa.tests.ProfilepageTest"/>
  <testcase name="ValidationMsgAppearsOnLeavingTextField_BlankUnderInsertWebsitePopup" time="213.511" classname="com.ocr.qa.tests.ProfilepageTest"/>
  <testcase name="UpdateAddressDetailsOnClicking_SaveButtonUnderEditPrimaryAddressPopup" time="200.734" classname="com.ocr.qa.tests.ProfilepageTest"/>
  <testcase name="UpdatePersonalInformationDetailsOnClicking_SaveButtonUnderEditPersonalInformationPopup" time="192.449" classname="com.ocr.qa.tests.ProfilepageTest"/>
  <testcase name="ValidationMsgAppearsOnEnteringIncorrect_DetailsUnderAddAdditionalAddressPopup" time="180.344" classname="com.ocr.qa.tests.ProfilepageTest"/>
  <testcase name="ConfirmationMessageAppearsOnClickingRemoveButton_UnderEditPrimaryWebsiteURLPopupOnProfilePage" time="211.865" classname="com.ocr.qa.tests.ProfilepageTest"/>
  <testcase name="EditPersonalInformationPopup_OpensUpOnClickingEditButtonOnTheProfilePage" time="151.565" classname="com.ocr.qa.tests.ProfilepageTest"/>
  <testcase name="ValidationMsgAppearsOnLeavingInstitutionAttended_TextFieldBlankUnderAddEducationTrainingInformationPopup" time="213.974" classname="com.ocr.qa.tests.ProfilepageTest"/>
  <testcase name="InsertWebsitePopupOpensUp_OnClickingAddButtonUnderWebsiteSection" time="153.071" classname="com.ocr.qa.tests.ProfilepageTest"/>
  <testcase name="EditPrimaryWebsiteURLPopupOpensUpOn_ClickingEditIconUnderWebsiteSectionOnProfilePage" time="227.951" classname="com.ocr.qa.tests.ProfilepageTest"/>
  <testcase name="VerifyThatEditPrimaryAddressPopupOpensUpOnClicking_EditIconUnderLocationsSectionOnTheProfilePage" time="185.891" classname="com.ocr.qa.tests.ProfilepageTest"/>
  <testcase name="ValidationMsgAppearsOnEnteringAlreadyAddedWebsite_URLInInsertWebsiteTextfieldUnderInsertWebsitePopup" time="211.714" classname="com.ocr.qa.tests.ProfilepageTest"/>
  <testcase name="DescriptionPopupOpensUpOnClicking_AddButtonUnderDescriptionSection" time="160.933" classname="com.ocr.qa.tests.ProfilepageTest"/>
  <testcase name="UserIsAbleToUpdateAddressDetails_OnClickingSaveButtonUnderEditSecondaryAddressPopup" time="198.344" classname="com.ocr.qa.tests.ProfilepageTest"/>
  <testcase name="ValidationMessageAppearsOnLeavingMandatory_FieldsBlankUnderEditPrimaryAddressPopup" time="211.377" classname="com.ocr.qa.tests.ProfilepageTest"/>
  <testcase name="ValidationMsgAppearsOnEntering_IncorrectDetailsUnderEditPersonalInformationPopup" time="211.125" classname="com.ocr.qa.tests.ProfilepageTest"/>
  <testcase name="ValidationMsgAppears_OnUploadingInvalidFileUnderUploadProfilePicturePopup" time="229.858" classname="com.ocr.qa.tests.ProfilepageTest"/>
  <testcase name="UserIsAbleToSaveEducationAndTrainingDetailsOnClicking_SaveButtonUnderAddEducationTrainingInformationPopup" time="169.243" classname="com.ocr.qa.tests.ProfilepageTest"/>
  <testcase name="RemoveTheAddedWebsiteOnClickingYesButton_UnderConfirmationMessageOnProfilePage" time="222.261" classname="com.ocr.qa.tests.ProfilepageTest"/>
  <testcase name="ValidationMsgAppearsOnEnteringInvalid_URLInAnyFieldUnderEditSocialInformationPopup" time="217.543" classname="com.ocr.qa.tests.ProfilepageTest"/>
  <testcase name="UplodProfilePicturePopupOpensUp_OnClickingAddImageIconOnTheProfilePage" time="209.695" classname="com.ocr.qa.tests.ProfilepageTest"/>
  <testcase name="ValidationMsgAppearsOnLeavingMandatoryFields_BlankUnderEditPersonalInformationPopup" time="253.623" classname="com.ocr.qa.tests.ProfilepageTest"/>
  <testcase name="ProfilePageOpensUpOnClicking_EditProfileOptionInUserDropDownOnTheHeader" time="148.760" classname="com.ocr.qa.tests.ProfilepageTest"/>
  <testcase name="MakeTheAddressAsPrimaryAddressByChecking_MakePrimaryAddressCheckboxUnderAddAdditionalAddressPopup" time="240.122" classname="com.ocr.qa.tests.ProfilepageTest"/>
  <testcase name="SaveSocialMediaDetailsOnClicking_SaveButtonUnderEditSocialInformationPopup" time="220.653" classname="com.ocr.qa.tests.ProfilepageTest"/>
  <testcase name="VerifyThatUserIsAbleToAddAddressDetailsOn_ClickingSaveButtonUnderAddAdditionalAddressPopup" time="175.982" classname="com.ocr.qa.tests.ProfilepageTest"/>
  <testcase name="AddEducationTrainingInformationPopupOpensUp_OnClickingAddButtonUnderEducationAndTrainingSection" time="158.521" classname="com.ocr.qa.tests.ProfilepageTest"/>
  <testcase name="ValidationMsgAppearsOnleavingAllFields_BlankUnderEditSocialInformationPopup" time="238.105" classname="com.ocr.qa.tests.ProfilepageTest"/>
  <testcase name="ValidationMsgAppearsOnClickingRemoveButtonWhenA_TeamMemberIsUsingThatLocationUnderEditPrimaryAddressPopup" time="201.231" classname="com.ocr.qa.tests.ProfilepageTest"/>
  <testcase name="ConfirmationMessageAppearsOnClickingRemoveButton_UnderEditSecondaryWebsiteURLPopupOnProfilePage" time="177.674" classname="com.ocr.qa.tests.ProfilepageTest"/>
  <testcase name="UploadValidFileAfterClicking_OnSaveButtonUnderUploadProfilePicturePopup" time="247.937" classname="com.ocr.qa.tests.ProfilepageTest"/>
  <testcase name="EditSecondaryWebsiteURLPopupOpensUpOn_ClickingEditIconUnderWebsiteSectionOnProfilePage" time="205.934" classname="com.ocr.qa.tests.ProfilepageTest"/>
  <testcase name="SelectAutopopulatedInstitutionsNamesAfterEntering_CharInInstitutionAttendedTextfieldUnderAddEducationTrainingInfoPopup" time="212.028" classname="com.ocr.qa.tests.ProfilepageTest"/>
  <testcase name="ValidationMsgAppearsOnClickingSaveButton_WithoutSelectingFileUnderUploadProfilePicturePopup" time="163.520" classname="com.ocr.qa.tests.ProfilepageTest"/>
  <testcase name="UserIsAbleToSaveDescriptionOn_ClickingSaveButtonUnderDescriptionPopup" time="307.488" classname="com.ocr.qa.tests.ProfilepageTest"/>
  <testcase name="ValidationMsgAppearsOnLeavingMandatory_FieldsBlankUnderEditSecondaryAddressPopup" time="249.086" classname="com.ocr.qa.tests.ProfilepageTest"/>
  <testcase name="DeleteTheLocationAfterClickingOn_RemoveButtonOnEditSecondaryAddressPopup" time="220.255" classname="com.ocr.qa.tests.ProfilepageTest"/>
  <testcase name="UserIsAbleToRemoveAddedDescription_OnClickingRemoveButtonUnderDescriptionPopup" time="234.469" classname="com.ocr.qa.tests.ProfilepageTest"/>
  <testcase name="CorrectPageOpensUpOnClickingAnyAdded_SocialMediaIconUnderSocialMediaSection" time="211.335" classname="com.ocr.qa.tests.ProfilepageTest"/>
  <testcase name="EditEducationTrainingInformationPopupOpensUp_OnClickingEditIconUnderEducationAndTrainingSection" time="113.171" classname="com.ocr.qa.tests.ProfilepageTest"/>
  <testcase name="UserIsAbleToSaveTheWebsite_OnClickingSaveButtonUnderInsertWebsitePopup" time="224.343" classname="com.ocr.qa.tests.ProfilepageTest"/>
  <testcase name="UpdateEducationAndTrainingDetailsOnClicking_SaveButtonUnderEditEducationTrainingInformationPopup" time="123.146" classname="com.ocr.qa.tests.ProfilepageTest"/>
  <testcase name="ValidationMsgAppearsOnLeavingMandatoryFields_BlankUnderAddAdditionalAddressPopup" time="223.795" classname="com.ocr.qa.tests.ProfilepageTest"/>
  <testcase name="ConfirmationMsgAppearsOnClicking_RemoveButtonUnderUploadProfilePicturePopup" time="229.862" classname="com.ocr.qa.tests.ProfilepageTest"/>
</testsuite> <!-- com.ocr.qa.tests.ProfilepageTest -->
