<?xml version="1.0" encoding="UTF-8"?>
<!-- Generated by org.testng.reporters.JUnitReportReporter -->
<testsuite name="com.ocr.qa.tests.ConversationspageTest" tests="16" time="3928.757" ignored="0" failures="0" timestamp="14 May 2020 15:54:51 GMT" skipped="0" hostname="Droid-7-PC" errors="0">
  <testcase name="AllAttachedFilesAppear_UnderAttachmentsSectionOnConversationsPage" time="296.713" classname="com.ocr.qa.tests.ConversationspageTest"/>
  <testcase name="ConversationsPageOpensUpAfterSending_AnyReferralOnSendReferralpage" time="271.610" classname="com.ocr.qa.tests.ConversationspageTest"/>
  <testcase name="AttachmentsPopupOpensUpOnClicking_AttachmentIconUnderOfficeCommunicationSection" time="168.434" classname="com.ocr.qa.tests.ConversationspageTest"/>
  <testcase name="ValidationMsgAppearsOnSendingBlankMessageUnder_OfficeCommunicationSectionOnConversationsPage" time="178.837" classname="com.ocr.qa.tests.ConversationspageTest"/>
  <testcase name="SendAnyValidFile_UnderOfficeCommunicationSection" time="242.187" classname="com.ocr.qa.tests.ConversationspageTest"/>
  <testcase name="ViewAttachedFileOnClicking_ViewButtonUnderAttachmentsSection" time="293.526" classname="com.ocr.qa.tests.ConversationspageTest"/>
  <testcase name="DownloadAttachedFileOnClicking_DownloadButtonUnderAttachmentsSection" time="375.607" classname="com.ocr.qa.tests.ConversationspageTest"/>
  <testcase name="DentistMovesToThePatientFormsSectionOnClicking_PatientFormDateUnderPatientInfoSection" time="164.446" classname="com.ocr.qa.tests.ConversationspageTest"/>
  <testcase name="ValidationMsgAppearesOn_ChoosingNoFileUnderOfficeCommunicationSection" time="224.587" classname="com.ocr.qa.tests.ConversationspageTest"/>
  <testcase name="ValidationMessageAppeared_OnSendingInvalidFileUnderOfficeCommunicationSection" time="226.456" classname="com.ocr.qa.tests.ConversationspageTest"/>
  <testcase name="ColleagueProfileOpensUp_OnClickingColleagueNameUnderReferralToSection" time="245.366" classname="com.ocr.qa.tests.ConversationspageTest"/>
  <testcase name="ReferredReceivedDentistDetails_AppearUnderReferralToSection" time="228.969" classname="com.ocr.qa.tests.ConversationspageTest"/>
  <testcase name="PatientHistoryPageOpensUpOnClicking_ReferredPatientNameUnderPatientInfoSection" time="281.279" classname="com.ocr.qa.tests.ConversationspageTest"/>
  <testcase name="DentistAndPatientReceivesMail_AfterSendingAnyReferralOnSendReferralPage" time="248.141" classname="com.ocr.qa.tests.ConversationspageTest"/>
  <testcase name="ReferredPatientDetailsAppear_UnderPatientInfoSectionOnConversationsPage" time="313.948" classname="com.ocr.qa.tests.ConversationspageTest"/>
  <testcase name="SendMessageUnderOfficeCommunicationSection_OnConversationsPage" time="168.651" classname="com.ocr.qa.tests.ConversationspageTest"/>
</testsuite> <!-- com.ocr.qa.tests.ConversationspageTest -->
