<?xml version="1.0" encoding="UTF-8"?>
<!-- Generated by org.testng.reporters.JUnitReportReporter -->
<testsuite name="com.ocr.qa.tests.PatientspageTest" tests="1" time="226.137" ignored="0" failures="0" timestamp="12 May 2020 05:21:02 GMT" skipped="0" hostname="Droid-7-PC" errors="0">
  <testcase name="PatientDetailsAppearOnEnteringExisting_DetailsInSearchFieldOnPatientPage" time="226.137" classname="com.ocr.qa.tests.PatientspageTest"/>
</testsuite> <!-- com.ocr.qa.tests.PatientspageTest -->
