<?xml version="1.0" encoding="UTF-8"?>
<!-- Generated by org.testng.reporters.JUnitReportReporter -->
<testsuite name="com.ocr.qa.tests.SMSConfigurationPageTest" tests="3" time="519.055" ignored="0" failures="0" timestamp="07 May 2020 15:50:54 GMT" skipped="0" hostname="Droid-7-PC" errors="0">
  <testcase name="ValidationMessageAppearsOnLeavingMandatoryFieldsBlankUnderZipwhipSignUpPopup" time="135.035" classname="com.ocr.qa.tests.SMSConfigurationPageTest"/>
  <testcase name="ZipwhipSignUpPopupOpensUpOnClickingAddButtonUnderSMSConfigurationpage" time="178.194" classname="com.ocr.qa.tests.SMSConfigurationPageTest"/>
  <testcase name="VerifyThatSMSConfigurationPageOpensUpOnClickingSMSConfigurationSubTTab" time="205.826" classname="com.ocr.qa.tests.SMSConfigurationPageTest"/>
</testsuite> <!-- com.ocr.qa.tests.SMSConfigurationPageTest -->
