<?xml version="1.0" encoding="UTF-8"?>
<!-- Generated by org.testng.reporters.JUnitReportReporter -->
<testsuite name="com.ocr.qa.tests.LoginpageTest" tests="4" time="92.868" ignored="0" failures="0" timestamp="21 May 2020 09:56:00 GMT" skipped="0" hostname="Droid-7-PC" errors="0">
  <testcase name="RecordlincForgotPasswordPageOpensUp_OnClickingForgotPasswordLinkOnLoginPage" time="26.811" classname="com.ocr.qa.tests.LoginpageTest"/>
  <testcase name="LoginAfterEnteringValidCredentials_OnLoginPage" time="24.537" classname="com.ocr.qa.tests.LoginpageTest"/>
  <testcase name="OCRLogoAppears_OnLoginPage" time="20.938" classname="com.ocr.qa.tests.LoginpageTest"/>
  <testcase name="SignInToOneClickReferral_TitleAppearsOnLoginPage" time="20.582" classname="com.ocr.qa.tests.LoginpageTest"/>
</testsuite> <!-- com.ocr.qa.tests.LoginpageTest -->
