<?xml version="1.0" encoding="UTF-8"?>
<!-- Generated by org.testng.reporters.JUnitReportReporter -->
<testsuite name="com.ocr.qa.tests.ReferalFormPageTest" tests="1" time="245.955" ignored="0" failures="0" timestamp="22 May 2020 04:48:26 GMT" skipped="0" hostname="Droid-7-PC" errors="0">
  <testcase name="UserIsAbleToEnableAll_ToggleButtonsOnReferralFormPage" time="245.955" classname="com.ocr.qa.tests.ReferalFormPageTest"/>
</testsuite> <!-- com.ocr.qa.tests.ReferalFormPageTest -->
