<?xml version="1.0" encoding="UTF-8"?>
<!-- Generated by org.testng.reporters.JUnitReportReporter -->
<testsuite name="com.ocr.qa.tests.PatientFormPageTest" tests="4" time="746.101" ignored="0" failures="0" timestamp="15 May 2020 08:40:21 GMT" skipped="0" hostname="Droid-7-PC" errors="0">
  <testcase name="DisableAllNonMandatory_ToggleButtonsOnPatientFormPage" time="279.086" classname="com.ocr.qa.tests.PatientFormPageTest"/>
  <testcase name="PatientFormPageOpensUp_OnClickingPatientFormSubTab" time="132.161" classname="com.ocr.qa.tests.PatientFormPageTest"/>
  <testcase name="EnableAllToggleButtons_OnPatientFormpage" time="197.633" classname="com.ocr.qa.tests.PatientFormPageTest"/>
  <testcase name="UserIsNotAbleToDisableMandatoryFieldsToggleButtonsOnPatientFormPage" time="137.221" classname="com.ocr.qa.tests.PatientFormPageTest"/>
</testsuite> <!-- com.ocr.qa.tests.PatientFormPageTest -->
