<?xml version="1.0" encoding="UTF-8"?>
<!-- Generated by org.testng.reporters.JUnitReportReporter -->
<testsuite skipped="0" hostname="DESKTOP-Q496GAK" name="com.ocr.qa.tests.LoginpageTest" tests="4" failures="0" timestamp="28 Aug 2020 05:50:29 GMT" time="93.436" errors="0">
  <testcase name="SignInToOneClickReferral_TitleAppearsOnLoginPage" time="24.112" classname="com.ocr.qa.tests.LoginpageTest"/>
  <testcase name="OCRLogoAppears_OnLoginPage" time="20.205" classname="com.ocr.qa.tests.LoginpageTest"/>
  <testcase name="LoginAfterEnteringValidCredentials_OnLoginPage" time="24.523" classname="com.ocr.qa.tests.LoginpageTest"/>
  <testcase name="RecordlincForgotPasswordPageOpensUp_OnClickingForgotPasswordLinkOnLoginPage" time="24.596" classname="com.ocr.qa.tests.LoginpageTest"/>
</testsuite> <!-- com.ocr.qa.tests.LoginpageTest -->
