<?xml version="1.0" encoding="UTF-8"?>
<!-- Generated by org.testng.reporters.JUnitReportReporter -->
<testsuite name="com.ocr.qa.tests.SignUpPageTest" tests="16" time="733.197" ignored="0" failures="0" timestamp="21 May 2020 09:56:00 GMT" skipped="0" hostname="Droid-7-PC" errors="0">
  <testcase name="VerifyThatUserIsAbleToSelectAMultipleSpecialty_OnClickingSelectASpecialityDropdownOnSpecialtyPage" time="55.423" classname="com.ocr.qa.tests.SignUpPageTest"/>
  <testcase name="ValidationMessageAppearsOnEntering_InvalidEmailAddressInEmailTextfieldOnSignUpPage" time="34.859" classname="com.ocr.qa.tests.SignUpPageTest"/>
  <testcase name="ValidationMessageAppearsOnEnteringLess_Than10DigitInWorkPhoneMandatoryFieldsBlankUnderSignUpPage" time="34.079" classname="com.ocr.qa.tests.SignUpPageTest"/>
  <testcase name="VerifyThatUserIsAbleToSelectASpecialty_OnClickingSelectASpecialityDropdownOnSpecialtyPage" time="53.078" classname="com.ocr.qa.tests.SignUpPageTest"/>
  <testcase name="ValidationMessageAppearsOnLeaving_MandatoryFieldsBlankUnderSignUpPage" time="44.585" classname="com.ocr.qa.tests.SignUpPageTest"/>
  <testcase name="VerifyThatSelectedSpecialtyStillAppears_OnSpecialtyPageAfterClickingNEXTButtonUnderSignUppage" time="59.984" classname="com.ocr.qa.tests.SignUpPageTest"/>
  <testcase name="ValidationMessageAppearsOnEnteringMore_Than10DigitInWorkPhoneMandatoryFieldsBlankUnderSignUpPage" time="34.136" classname="com.ocr.qa.tests.SignUpPageTest"/>
  <testcase name="VerifyThatSpecialtyPageOpensUp_OnClickingNEXTButtonUnderSignUpPage" time="47.594" classname="com.ocr.qa.tests.SignUpPageTest"/>
  <testcase name="VerifyThatUserIsAbleToEnterPractice_NameInPracticeNameTextfieldOnSpecialtyPage" time="69.807" classname="com.ocr.qa.tests.SignUpPageTest"/>
  <testcase name="VerifyThatUserIsAbleToSubmitSignUp_DetailsOnClickingFINISHButtonUnderSpecialtyPage" time="52.581" classname="com.ocr.qa.tests.SignUpPageTest"/>
  <testcase name="ValidationMessageAppearsIfTheEnteredPassword_InPasswordFieldDoesNotMeetThePasswordCriteriaOnSignUpPage" time="33.699" classname="com.ocr.qa.tests.SignUpPageTest"/>
  <testcase name="ValidationMessageAppearsOnLeavingSelectA_SpecialtyMandatoryFieldBlankUnderSpecialtyPage" time="45.602" classname="com.ocr.qa.tests.SignUpPageTest"/>
  <testcase name="VerifyThatSignUpPageOpensUpOnClicking_PREVIOUSButtonUnderSpecialtyPage" time="55.083" classname="com.ocr.qa.tests.SignUpPageTest"/>
  <testcase name="OCRLogoAppears_OnSignUpPage" time="29.609" classname="com.ocr.qa.tests.SignUpPageTest"/>
  <testcase name="ValidationMessageAppearsOnEnteringAlready_RegisteredEmailAddressInEmailTextfieldOnSignUpPage" time="43.653" classname="com.ocr.qa.tests.SignUpPageTest"/>
  <testcase name="SignUpPageOpensUp_OnClickingSIGNUPlink" time="39.425" classname="com.ocr.qa.tests.SignUpPageTest"/>
</testsuite> <!-- com.ocr.qa.tests.SignUpPageTest -->
