<?xml version="1.0" encoding="UTF-8"?>
<!-- Generated by org.testng.reporters.JUnitReportReporter -->
<testsuite name="com.ocr.qa.tests.InviteColleaguespageTest" tests="1" time="372.529" ignored="0" failures="0" timestamp="04 May 2020 13:05:40 GMT" skipped="0" hostname="Droid-7-PC" errors="0">
  <testcase name="VerifyThatUserIsAbleToInviteAddedTeamMember_OnInviteColleaguePage" time="372.529" classname="com.ocr.qa.tests.InviteColleaguespageTest"/>
</testsuite> <!-- com.ocr.qa.tests.InviteColleaguespageTest -->
