<?xml version="1.0" encoding="UTF-8"?>
<!-- Generated by org.testng.reporters.JUnitReportReporter -->
<testsuite name="com.ocr.qa.tests.SecuritySettingsPageTest" tests="10" time="1661.818" ignored="0" failures="0" timestamp="15 May 2020 08:40:21 GMT" skipped="0" hostname="Droid-7-PC" errors="0">
  <testcase name="ValidationMsgAppearsOnLeavingMandatory_FieldsBlankUnderSecuritySettingsPage" time="145.793" classname="com.ocr.qa.tests.SecuritySettingsPageTest"/>
  <testcase name="ValidationMsgAppearsOnEnteringPreExistingPrimaryEmailIn_PrimaryEmailTextfieldOnSecuritySettingsPage" time="153.587" classname="com.ocr.qa.tests.SecuritySettingsPageTest"/>
  <testcase name="ValidationMsgAppearsOnEnteringPreExistingUserNameIn_UserNameTextfieldOnSecuritySettingsPage" time="175.328" classname="com.ocr.qa.tests.SecuritySettingsPageTest"/>
  <testcase name="SecuritySettingsPageOpensUp_OnClickingSecuritySettingsSubTab" time="163.931" classname="com.ocr.qa.tests.SecuritySettingsPageTest"/>
  <testcase name="VerifyThatUserIsAbleToUpdateThe_UserNameOnSecuritySettingsPage" time="205.471" classname="com.ocr.qa.tests.SecuritySettingsPageTest"/>
  <testcase name="ValidationMsgAppearsOnEnteringInvalidEmailAddress_InPrimaryEmailtextfieldOnSecuritySettingsPage" time="150.040" classname="com.ocr.qa.tests.SecuritySettingsPageTest"/>
  <testcase name="EnteredPasswordInPasswordFieldMeetsThePasswordCriteria_ThenTheMatchedCriteriaAppearsHighlightedInGreenColorInThePopup" time="160.940" classname="com.ocr.qa.tests.SecuritySettingsPageTest"/>
  <testcase name="UserIsAbleToSaveDetailsOnClicking_SubmitButtonUnderSecuritySettingsPage" time="147.729" classname="com.ocr.qa.tests.SecuritySettingsPageTest"/>
  <testcase name="UserIsAbleToShowHideEnteredPasswordOn_ClickingShowHideIconUnderSecuritySettingsPage" time="198.182" classname="com.ocr.qa.tests.SecuritySettingsPageTest"/>
  <testcase name="EnteredPasswordDoesNotMeetThePasswordCriteria_ThenMismatchedCriteriaAppearsHighlightedInRedColorInThePopup" time="160.817" classname="com.ocr.qa.tests.SecuritySettingsPageTest"/>
</testsuite> <!-- com.ocr.qa.tests.SecuritySettingsPageTest -->
