<?xml version="1.0" encoding="UTF-8"?>
<!-- Generated by org.testng.reporters.JUnitReportReporter -->
<testsuite name="com.ocr.qa.tests.TeamMembersPageTest" tests="21" time="3750.445" ignored="0" failures="0" timestamp="14 May 2020 15:54:51 GMT" skipped="0" hostname="Droid-7-PC" errors="0">
  <testcase name="VerifyThatRecordsAppearAccordingTo_SelectedLocationUnderTeamMembersPage" time="226.488" classname="com.ocr.qa.tests.TeamMembersPageTest"/>
  <testcase name="VerifyThatRecordsAppearAccordingToSelectedOptionInMemberDropdownOnTeamMembersPage" time="217.670" classname="com.ocr.qa.tests.TeamMembersPageTest"/>
  <testcase name="ValidationMessageAppearsOnEnteringMoreThan_20CharactersInFirstNameOrLastNameTextfield" time="175.744" classname="com.ocr.qa.tests.TeamMembersPageTest"/>
  <testcase name="ValidationMessageAppearsOnLeavingMandatoryFieldsBlankUnderEditTeamStaffMemberPopup" time="213.172" classname="com.ocr.qa.tests.TeamMembersPageTest"/>
  <testcase name="VerifyThaTeamMemberDetailsAppearOnEnteringExistingDetailsInSearchField" time="215.195" classname="com.ocr.qa.tests.TeamMembersPageTest"/>
  <testcase name="VerifyThatAddedMemberEmailIs_NonEditableUnderEditTeamStaffMemberPopup" time="107.940" classname="com.ocr.qa.tests.TeamMembersPageTest"/>
  <testcase name="VerifyThatUserIsAbleToUpdateAddedMemberDetails_OnClickingSaveButtonUnderEditTeamStaffMemberPopup" time="256.327" classname="com.ocr.qa.tests.TeamMembersPageTest"/>
  <testcase name="VerifyThatConfirmationMessageAppears_OnClickingDeleteIconOnTeamMembersPage" time="154.033" classname="com.ocr.qa.tests.TeamMembersPageTest"/>
  <testcase name="EditTeamStaffMemberPopupOpensUp_OnClickingEditIconUnderTeamMembersPage" time="185.796" classname="com.ocr.qa.tests.TeamMembersPageTest"/>
  <testcase name="VerifyThatUserIsAbleToDeleteMember_OnClickingYesButtonUnderConfirmationMessage" time="119.416" classname="com.ocr.qa.tests.TeamMembersPageTest"/>
  <testcase name="VerifyThatDentistIsAbleToSortTheRecords_OnClickingSortingIconsUnderTeamMembersPage" time="156.690" classname="com.ocr.qa.tests.TeamMembersPageTest"/>
  <testcase name="SaveTeamMemberDetailsOnClicking_SaveButtonUnderAddTeamStaffMemberPopup" time="174.136" classname="com.ocr.qa.tests.TeamMembersPageTest"/>
  <testcase name="ValidationMessageAppearsOnEnteringNumbersOrSpecial_CharactersInFirstNameOrLastNameTextfield" time="172.484" classname="com.ocr.qa.tests.TeamMembersPageTest"/>
  <testcase name="ValdMsgAppearsOnEnteringPreExistingEmailAddress_InEmailTextfieldUnderAddTeamStaffMemberPopup" time="175.621" classname="com.ocr.qa.tests.TeamMembersPageTest"/>
  <testcase name="VerifyThatCorrectInformationMessageAppearsOnEnteringNonExistingDetailsInSearchField" time="133.098" classname="com.ocr.qa.tests.TeamMembersPageTest"/>
  <testcase name="SaveMemberAsStaffMemberAfterChecking_StaffMemberCheckboxUnderAddTeamStaffMemberPopup" time="172.190" classname="com.ocr.qa.tests.TeamMembersPageTest"/>
  <testcase name="ValidationMessageAppearsOnLeavingMandatoryFieldsBlankUnderAddTeamStaffMemberPopup" time="176.008" classname="com.ocr.qa.tests.TeamMembersPageTest"/>
  <testcase name="ValidationMessageAppearsOnEnteringInvalidEmail_InEmailTextfieldUnderAddTeamStaffMemberPopup" time="167.221" classname="com.ocr.qa.tests.TeamMembersPageTest"/>
  <testcase name="TeamMembersPagOpensUpOnClicking_TeamMembersSubTab" time="126.122" classname="com.ocr.qa.tests.TeamMembersPageTest"/>
  <testcase name="VerifyThatLoggedInDentistAllLocationsAppearInLocationDropdown" time="212.027" classname="com.ocr.qa.tests.TeamMembersPageTest"/>
  <testcase name="AddTeamStaffMemberPopupOpensUpOnClicking_AddMemberOptionUnderTeamMembersPage" time="213.067" classname="com.ocr.qa.tests.TeamMembersPageTest"/>
</testsuite> <!-- com.ocr.qa.tests.TeamMembersPageTest -->
